\BOOKMARK [1][-]{section.1}{Text\040Preprocessing}{}% 1
\BOOKMARK [2][-]{subsection.1.1}{Separating\040Train\040and\040Test\040Data}{section.1}% 2
\BOOKMARK [2][-]{subsection.1.2}{Extracting\040Features\040of\040Texts}{section.1}% 3
\BOOKMARK [2][-]{subsection.1.3}{Issue\040With\040Occurrences}{section.1}% 4
\BOOKMARK [3][-]{subsubsection.1.3.1}{Term\040Frequency}{subsection.1.3}% 5
\BOOKMARK [3][-]{subsubsection.1.3.2}{Inverse\040Document\040Frequency}{subsection.1.3}% 6
\BOOKMARK [3][-]{subsubsection.1.3.3}{TF-IDF}{subsection.1.3}% 7
\BOOKMARK [1][-]{section.2}{Text\040Classification}{}% 8
\BOOKMARK [1][-]{section.3}{Bonus:\040Weka\040Tools}{}% 9
\BOOKMARK [2][-]{subsection.3.1}{The\040Labor\040Dataset}{section.3}% 10
\BOOKMARK [2][-]{subsection.3.2}{Selecting\040the\040Dataset}{section.3}% 11
\BOOKMARK [2][-]{subsection.3.3}{Training\040J48}{section.3}% 12
\BOOKMARK [3][-]{subsubsection.3.3.1}{Precision}{subsection.3.3}% 13
\BOOKMARK [3][-]{subsubsection.3.3.2}{Recall}{subsection.3.3}% 14
\BOOKMARK [3][-]{subsubsection.3.3.3}{F1-Score}{subsection.3.3}% 15
\BOOKMARK [3][-]{subsubsection.3.3.4}{Decision\040Tree\040Visualization}{subsection.3.3}% 16
\BOOKMARK [3][-]{subsubsection.3.3.5}{Testing\040the\040Model}{subsection.3.3}% 17
\BOOKMARK [2][-]{subsection.3.4}{Training\040with\040Decision\040Stump}{section.3}% 18
\BOOKMARK [3][-]{subsubsection.3.4.1}{Precision}{subsection.3.4}% 19
\BOOKMARK [3][-]{subsubsection.3.4.2}{Recall}{subsection.3.4}% 20
\BOOKMARK [3][-]{subsubsection.3.4.3}{F1-Score}{subsection.3.4}% 21
